<descriptor since="2.0">
  <description>This is a fromjava jaxws test </description>
  <client href ="test.js" since="2.0"/>
  <service basedir="./server">
  </service>
</descriptor>

