<descriptor since="2.0">
  <description>This is a fromwsdl jaxws test </description>
  <client href ="test.js" since="2.0"/>
  <service basedir="./server">
    <wsdl href="AddNumbers.wsdl"/>
  </service>
</descriptor>

