<descriptor>
  <description>This is a simple JAX-WS MTOM example</description>
  <client href ="test.js"/>
  <service>
    <wsdl href="hello.wsdl"/>
  </service>
</descriptor>

